Flow report for TA1
Wed May 27 00:36:59 2020
Quartus II Version 9.1 Build 350 03/24/2010 Service Pack 2 SJ Web Edition


---------------------
; Table of Contents ;
---------------------
  1. Legal Notice
  2. Flow Summary
  3. Flow Settings
  4. Flow Non-Default Global Settings
  5. Flow Elapsed Time
  6. Flow OS Summary
  7. Flow Log



----------------
; Legal Notice ;
----------------
Copyright (C) 1991-2010 Altera Corporation
Your use of Altera Corporation's design tools, logic functions 
and other software and tools, and its AMPP partner logic 
functions, and any output files from any of the foregoing 
(including device programming or simulation files), and any 
associated documentation or information are expressly subject 
to the terms and conditions of the Altera Program License 
Subscription Agreement, Altera MegaCore Function License 
Agreement, or other applicable license agreement, including, 
without limitation, that your use is for the sole purpose of 
programming logic devices manufactured by Altera and sold by 
Altera or its authorized distributors.  Please refer to the 
applicable agreement for further details.



+------------------------------------------------------------------------------+
; Flow Summary                                                                 ;
+-------------------------------+----------------------------------------------+
; Flow Status                   ; Successful - Wed May 27 00:36:59 2020        ;
; Quartus II Version            ; 9.1 Build 350 03/24/2010 SP 2 SJ Web Edition ;
; Revision Name                 ; TA1                                          ;
; Top-level Entity Name         ; P_UA                                         ;
; Family                        ; Stratix II                                   ;
; Met timing requirements       ; Yes                                          ;
; Logic utilization             ; < 1 %                                        ;
;     Combinational ALUTs       ; 12 / 12,480 ( < 1 % )                        ;
;     Dedicated logic registers ; 9 / 12,480 ( < 1 % )                         ;
; Total registers               ; 9                                            ;
; Total pins                    ; 7 / 343 ( 2 % )                              ;
; Total virtual pins            ; 0                                            ;
; Total block memory bits       ; 0 / 419,328 ( 0 % )                          ;
; DSP block 9-bit elements      ; 0 / 96 ( 0 % )                               ;
; Total PLLs                    ; 0 / 6 ( 0 % )                                ;
; Total DLLs                    ; 0 / 2 ( 0 % )                                ;
; Device                        ; EP2S15F484C3                                 ;
; Timing Models                 ; Final                                        ;
+-------------------------------+----------------------------------------------+


+-----------------------------------------+
; Flow Settings                           ;
+-------------------+---------------------+
; Option            ; Setting             ;
+-------------------+---------------------+
; Start date & time ; 05/27/2020 00:36:42 ;
; Main task         ; Compilation         ;
; Revision Name     ; TA1                 ;
+-------------------+---------------------+


+---------------------------------------------------------------------------------------------------------------------+
; Flow Non-Default Global Settings                                                                                    ;
+------------------------------------+---------------------------------+---------------+-------------+----------------+
; Assignment Name                    ; Value                           ; Default Value ; Entity Name ; Section Id     ;
+------------------------------------+---------------------------------+---------------+-------------+----------------+
; COMPILER_SIGNATURE_ID              ; 194341096654916.159052540217196 ; --            ; --          ; --             ;
; IP_TOOL_NAME                       ; LPM_ADD_SUB                     ; --            ; --          ; --             ;
; IP_TOOL_NAME                       ; LPM_LATCH                       ; --            ; --          ; --             ;
; IP_TOOL_NAME                       ; LPM_SHIFTREG                    ; --            ; --          ; --             ;
; IP_TOOL_NAME                       ; LPM_COUNTER                     ; --            ; --          ; --             ;
; IP_TOOL_NAME                       ; LPM_CONSTANT                    ; --            ; --          ; --             ;
; IP_TOOL_NAME                       ; LPM_SHIFTREG                    ; --            ; --          ; --             ;
; IP_TOOL_NAME                       ; LPM_LATCH                       ; --            ; --          ; --             ;
; IP_TOOL_NAME                       ; LPM_SHIFTREG                    ; --            ; --          ; --             ;
; IP_TOOL_NAME                       ; LPM_SHIFTREG                    ; --            ; --          ; --             ;
; IP_TOOL_NAME                       ; LPM_SHIFTREG                    ; --            ; --          ; --             ;
; IP_TOOL_NAME                       ; LPM_ADD_SUB                     ; --            ; --          ; --             ;
; IP_TOOL_NAME                       ; LPM_ADD_SUB                     ; --            ; --          ; --             ;
; IP_TOOL_NAME                       ; LPM_ADD_SUB                     ; --            ; --          ; --             ;
; IP_TOOL_NAME                       ; LPM_MUX                         ; --            ; --          ; --             ;
; IP_TOOL_NAME                       ; LPM_ADD_SUB                     ; --            ; --          ; --             ;
; IP_TOOL_NAME                       ; LPM_ADD_SUB                     ; --            ; --          ; --             ;
; IP_TOOL_NAME                       ; LPM_COUNTER                     ; --            ; --          ; --             ;
; IP_TOOL_NAME                       ; LPM_MUX                         ; --            ; --          ; --             ;
; IP_TOOL_NAME                       ; LPM_INV                         ; --            ; --          ; --             ;
; IP_TOOL_NAME                       ; LPM_INV                         ; --            ; --          ; --             ;
; IP_TOOL_NAME                       ; LPM_MUX                         ; --            ; --          ; --             ;
; IP_TOOL_NAME                       ; LPM_SHIFTREG                    ; --            ; --          ; --             ;
; IP_TOOL_NAME                       ; LPM_COUNTER                     ; --            ; --          ; --             ;
; IP_TOOL_NAME                       ; LPM_MUX                         ; --            ; --          ; --             ;
; IP_TOOL_NAME                       ; LPM_MUX                         ; --            ; --          ; --             ;
; IP_TOOL_NAME                       ; LPM_COUNTER                     ; --            ; --          ; --             ;
; IP_TOOL_VERSION                    ; 9.1                             ; --            ; --          ; --             ;
; IP_TOOL_VERSION                    ; 9.1                             ; --            ; --          ; --             ;
; IP_TOOL_VERSION                    ; 9.1                             ; --            ; --          ; --             ;
; IP_TOOL_VERSION                    ; 9.1                             ; --            ; --          ; --             ;
; IP_TOOL_VERSION                    ; 9.1                             ; --            ; --          ; --             ;
; IP_TOOL_VERSION                    ; 9.1                             ; --            ; --          ; --             ;
; IP_TOOL_VERSION                    ; 9.1                             ; --            ; --          ; --             ;
; IP_TOOL_VERSION                    ; 9.1                             ; --            ; --          ; --             ;
; IP_TOOL_VERSION                    ; 9.1                             ; --            ; --          ; --             ;
; IP_TOOL_VERSION                    ; 9.1                             ; --            ; --          ; --             ;
; IP_TOOL_VERSION                    ; 9.1                             ; --            ; --          ; --             ;
; IP_TOOL_VERSION                    ; 9.1                             ; --            ; --          ; --             ;
; IP_TOOL_VERSION                    ; 9.1                             ; --            ; --          ; --             ;
; IP_TOOL_VERSION                    ; 9.1                             ; --            ; --          ; --             ;
; IP_TOOL_VERSION                    ; 9.1                             ; --            ; --          ; --             ;
; IP_TOOL_VERSION                    ; 9.1                             ; --            ; --          ; --             ;
; IP_TOOL_VERSION                    ; 9.1                             ; --            ; --          ; --             ;
; IP_TOOL_VERSION                    ; 9.1                             ; --            ; --          ; --             ;
; IP_TOOL_VERSION                    ; 9.1                             ; --            ; --          ; --             ;
; IP_TOOL_VERSION                    ; 9.1                             ; --            ; --          ; --             ;
; IP_TOOL_VERSION                    ; 9.1                             ; --            ; --          ; --             ;
; IP_TOOL_VERSION                    ; 9.1                             ; --            ; --          ; --             ;
; IP_TOOL_VERSION                    ; 9.1                             ; --            ; --          ; --             ;
; IP_TOOL_VERSION                    ; 9.1                             ; --            ; --          ; --             ;
; IP_TOOL_VERSION                    ; 9.1                             ; --            ; --          ; --             ;
; IP_TOOL_VERSION                    ; 9.1                             ; --            ; --          ; --             ;
; MISC_FILE                          ; lpm_add_sub0.bsf                ; --            ; --          ; --             ;
; MISC_FILE                          ; lpm_add_sub0.cmp                ; --            ; --          ; --             ;
; MISC_FILE                          ; lpm_latch0.bsf                  ; --            ; --          ; --             ;
; MISC_FILE                          ; lpm_latch0.cmp                  ; --            ; --          ; --             ;
; MISC_FILE                          ; lpm_shiftreg0.bsf               ; --            ; --          ; --             ;
; MISC_FILE                          ; lpm_shiftreg0.cmp               ; --            ; --          ; --             ;
; MISC_FILE                          ; lpm_counter0.bsf                ; --            ; --          ; --             ;
; MISC_FILE                          ; lpm_counter0.cmp                ; --            ; --          ; --             ;
; MISC_FILE                          ; lpm_constant0.bsf               ; --            ; --          ; --             ;
; MISC_FILE                          ; lpm_constant0.cmp               ; --            ; --          ; --             ;
; MISC_FILE                          ; lpm_shiftreg1.bsf               ; --            ; --          ; --             ;
; MISC_FILE                          ; lpm_shiftreg1.cmp               ; --            ; --          ; --             ;
; MISC_FILE                          ; lpm_latch1.bsf                  ; --            ; --          ; --             ;
; MISC_FILE                          ; lpm_latch1.cmp                  ; --            ; --          ; --             ;
; MISC_FILE                          ; lpm_shiftreg2.bsf               ; --            ; --          ; --             ;
; MISC_FILE                          ; lpm_shiftreg2.cmp               ; --            ; --          ; --             ;
; MISC_FILE                          ; lpm_shiftreg3.bsf               ; --            ; --          ; --             ;
; MISC_FILE                          ; lpm_shiftreg3.cmp               ; --            ; --          ; --             ;
; MISC_FILE                          ; lpm_shiftreg4.bsf               ; --            ; --          ; --             ;
; MISC_FILE                          ; lpm_shiftreg4.cmp               ; --            ; --          ; --             ;
; MISC_FILE                          ; lpm_add_sub1.bsf                ; --            ; --          ; --             ;
; MISC_FILE                          ; lpm_add_sub1.cmp                ; --            ; --          ; --             ;
; MISC_FILE                          ; lpm_add_sub2.bsf                ; --            ; --          ; --             ;
; MISC_FILE                          ; lpm_add_sub2.cmp                ; --            ; --          ; --             ;
; MISC_FILE                          ; lpm_add_sub3.bsf                ; --            ; --          ; --             ;
; MISC_FILE                          ; lpm_add_sub3.cmp                ; --            ; --          ; --             ;
; MISC_FILE                          ; lpm_mux0.bsf                    ; --            ; --          ; --             ;
; MISC_FILE                          ; lpm_mux0.cmp                    ; --            ; --          ; --             ;
; MISC_FILE                          ; C:/TAproj/TA1.dpf               ; --            ; --          ; --             ;
; MISC_FILE                          ; lpm_add_sub4.bsf                ; --            ; --          ; --             ;
; MISC_FILE                          ; lpm_add_sub4.cmp                ; --            ; --          ; --             ;
; MISC_FILE                          ; lpm_add_sub5.bsf                ; --            ; --          ; --             ;
; MISC_FILE                          ; lpm_add_sub5.cmp                ; --            ; --          ; --             ;
; MISC_FILE                          ; lpm_counter1.bsf                ; --            ; --          ; --             ;
; MISC_FILE                          ; lpm_counter1.cmp                ; --            ; --          ; --             ;
; MISC_FILE                          ; lpm_mux1.bsf                    ; --            ; --          ; --             ;
; MISC_FILE                          ; lpm_mux1.cmp                    ; --            ; --          ; --             ;
; MISC_FILE                          ; lpm_inv0.bsf                    ; --            ; --          ; --             ;
; MISC_FILE                          ; lpm_inv0.cmp                    ; --            ; --          ; --             ;
; MISC_FILE                          ; lpm_inv1.bsf                    ; --            ; --          ; --             ;
; MISC_FILE                          ; lpm_inv1.cmp                    ; --            ; --          ; --             ;
; MISC_FILE                          ; lpm_mux2.bsf                    ; --            ; --          ; --             ;
; MISC_FILE                          ; lpm_mux2.cmp                    ; --            ; --          ; --             ;
; MISC_FILE                          ; lpm_shiftreg5.bsf               ; --            ; --          ; --             ;
; MISC_FILE                          ; lpm_shiftreg5.cmp               ; --            ; --          ; --             ;
; MISC_FILE                          ; lpm_counter2.bsf                ; --            ; --          ; --             ;
; MISC_FILE                          ; lpm_counter2.cmp                ; --            ; --          ; --             ;
; MISC_FILE                          ; lpm_mux3.bsf                    ; --            ; --          ; --             ;
; MISC_FILE                          ; lpm_mux3.cmp                    ; --            ; --          ; --             ;
; MISC_FILE                          ; lpm_mux4.bsf                    ; --            ; --          ; --             ;
; MISC_FILE                          ; lpm_mux4.cmp                    ; --            ; --          ; --             ;
; MISC_FILE                          ; lpm_counter3.bsf                ; --            ; --          ; --             ;
; MISC_FILE                          ; lpm_counter3.cmp                ; --            ; --          ; --             ;
; PARTITION_COLOR                    ; 16764057                        ; --            ; P_UA        ; Top            ;
; PARTITION_NETLIST_TYPE             ; SOURCE                          ; --            ; P_UA        ; Top            ;
; TOP_LEVEL_ENTITY                   ; P_UA                            ; TA1           ; --          ; --             ;
; USE_GENERATED_PHYSICAL_CONSTRAINTS ; Off                             ; --            ; --          ; eda_blast_fpga ;
+------------------------------------+---------------------------------+---------------+-------------+----------------+


+-----------------------------------------------------------------------------------------------------------------------------+
; Flow Elapsed Time                                                                                                           ;
+-------------------------+--------------+-------------------------+---------------------+------------------------------------+
; Module Name             ; Elapsed Time ; Average Processors Used ; Peak Virtual Memory ; Total CPU Time (on all processors) ;
+-------------------------+--------------+-------------------------+---------------------+------------------------------------+
; Analysis & Synthesis    ; 00:00:04     ; 1.0                     ; 261 MB              ; 00:00:07                           ;
; Fitter                  ; 00:00:06     ; 1.0                     ; 291 MB              ; 00:00:08                           ;
; Assembler               ; 00:00:03     ; 1.0                     ; 250 MB              ; 00:00:03                           ;
; Classic Timing Analyzer ; 00:00:00     ; 1.0                     ; 179 MB              ; 00:00:01                           ;
; Total                   ; 00:00:13     ; --                      ; --                  ; 00:00:19                           ;
+-------------------------+--------------+-------------------------+---------------------+------------------------------------+


+------------------------------------------------------------------------------------------+
; Flow OS Summary                                                                          ;
+-------------------------+------------------+---------------+------------+----------------+
; Module Name             ; Machine Hostname ; OS Name       ; OS Version ; Processor type ;
+-------------------------+------------------+---------------+------------+----------------+
; Analysis & Synthesis    ; DESKTOP-ID6QNVJ  ; Windows Vista ; 6.2        ; x86_64         ;
; Fitter                  ; DESKTOP-ID6QNVJ  ; Windows Vista ; 6.2        ; x86_64         ;
; Assembler               ; DESKTOP-ID6QNVJ  ; Windows Vista ; 6.2        ; x86_64         ;
; Classic Timing Analyzer ; DESKTOP-ID6QNVJ  ; Windows Vista ; 6.2        ; x86_64         ;
+-------------------------+------------------+---------------+------------+----------------+


------------
; Flow Log ;
------------
quartus_map --read_settings_files=on --write_settings_files=off TA1 -c TA1
quartus_fit --read_settings_files=off --write_settings_files=off TA1 -c TA1
quartus_asm --read_settings_files=off --write_settings_files=off TA1 -c TA1
quartus_tan --read_settings_files=off --write_settings_files=off TA1 -c TA1 --timing_analysis_only



